{"/home/mtrevisani/repos/trevonerd/react-remote-svg/src/RemoteSVG/RemoteSVG.tsx": {"path":"/home/mtrevisani/repos/trevonerd/react-remote-svg/src/RemoteSVG/RemoteSVG.tsx","all":false,"statementMap":{"0":{"start":{"line":1,"column":0},"end":{"line":1,"column":81}},"1":{"start":{"line":2,"column":0},"end":{"line":2,"column":34}},"2":{"start":{"line":3,"column":0},"end":{"line":3,"column":37}},"3":{"start":{"line":4,"column":0},"end":{"line":4,"column":37}},"4":{"start":{"line":5,"column":0},"end":{"line":5,"column":49}},"5":{"start":{"line":6,"column":0},"end":{"line":6,"column":0}},"6":{"start":{"line":7,"column":0},"end":{"line":7,"column":34}},"7":{"start":{"line":8,"column":0},"end":{"line":8,"column":65}},"8":{"start":{"line":9,"column":0},"end":{"line":9,"column":34}},"9":{"start":{"line":10,"column":0},"end":{"line":10,"column":0}},"10":{"start":{"line":11,"column":0},"end":{"line":11,"column":81}},"11":{"start":{"line":12,"column":0},"end":{"line":12,"column":103}},"12":{"start":{"line":13,"column":0},"end":{"line":13,"column":0}},"13":{"start":{"line":14,"column":0},"end":{"line":14,"column":77}},"14":{"start":{"line":15,"column":0},"end":{"line":15,"column":0}},"15":{"start":{"line":16,"column":0},"end":{"line":16,"column":79}},"16":{"start":{"line":17,"column":0},"end":{"line":17,"column":14}},"17":{"start":{"line":18,"column":0},"end":{"line":18,"column":17}},"18":{"start":{"line":19,"column":0},"end":{"line":19,"column":22}},"19":{"start":{"line":20,"column":0},"end":{"line":20,"column":23}},"20":{"start":{"line":21,"column":0},"end":{"line":21,"column":25}},"21":{"start":{"line":22,"column":0},"end":{"line":22,"column":26}},"22":{"start":{"line":23,"column":0},"end":{"line":23,"column":27}},"23":{"start":{"line":24,"column":0},"end":{"line":24,"column":25}},"24":{"start":{"line":25,"column":0},"end":{"line":25,"column":22}},"25":{"start":{"line":26,"column":0},"end":{"line":26,"column":21}},"26":{"start":{"line":27,"column":0},"end":{"line":27,"column":23}},"27":{"start":{"line":28,"column":0},"end":{"line":28,"column":1}},"28":{"start":{"line":29,"column":0},"end":{"line":29,"column":0}},"29":{"start":{"line":30,"column":0},"end":{"line":30,"column":39}},"30":{"start":{"line":31,"column":0},"end":{"line":31,"column":16}},"31":{"start":{"line":32,"column":0},"end":{"line":32,"column":26}},"32":{"start":{"line":33,"column":0},"end":{"line":33,"column":22}},"33":{"start":{"line":34,"column":0},"end":{"line":34,"column":2}},"34":{"start":{"line":35,"column":0},"end":{"line":35,"column":0}},"35":{"start":{"line":36,"column":0},"end":{"line":36,"column":28}},"36":{"start":{"line":37,"column":0},"end":{"line":37,"column":25}},"37":{"start":{"line":38,"column":0},"end":{"line":38,"column":26}},"38":{"start":{"line":39,"column":0},"end":{"line":39,"column":22}},"39":{"start":{"line":40,"column":0},"end":{"line":40,"column":21}},"40":{"start":{"line":41,"column":0},"end":{"line":41,"column":23}},"41":{"start":{"line":42,"column":0},"end":{"line":42,"column":17}},"42":{"start":{"line":43,"column":0},"end":{"line":43,"column":23}},"43":{"start":{"line":44,"column":0},"end":{"line":44,"column":25}},"44":{"start":{"line":45,"column":0},"end":{"line":45,"column":3}},"45":{"start":{"line":46,"column":0},"end":{"line":46,"column":16}},"46":{"start":{"line":47,"column":0},"end":{"line":47,"column":78}},"47":{"start":{"line":48,"column":0},"end":{"line":48,"column":83}},"48":{"start":{"line":49,"column":0},"end":{"line":49,"column":97}},"49":{"start":{"line":50,"column":0},"end":{"line":50,"column":0}},"50":{"start":{"line":51,"column":0},"end":{"line":51,"column":35}},"51":{"start":{"line":52,"column":0},"end":{"line":52,"column":34}},"52":{"start":{"line":53,"column":0},"end":{"line":53,"column":8}},"53":{"start":{"line":54,"column":0},"end":{"line":54,"column":15}},"54":{"start":{"line":55,"column":0},"end":{"line":55,"column":13}},"55":{"start":{"line":56,"column":0},"end":{"line":56,"column":15}},"56":{"start":{"line":57,"column":0},"end":{"line":57,"column":32}},"57":{"start":{"line":58,"column":0},"end":{"line":58,"column":11}},"58":{"start":{"line":59,"column":0},"end":{"line":59,"column":9}},"59":{"start":{"line":60,"column":0},"end":{"line":60,"column":7}},"60":{"start":{"line":61,"column":0},"end":{"line":61,"column":6}},"61":{"start":{"line":62,"column":0},"end":{"line":62,"column":0}},"62":{"start":{"line":63,"column":0},"end":{"line":63,"column":9}},"63":{"start":{"line":64,"column":0},"end":{"line":64,"column":80}},"64":{"start":{"line":65,"column":0},"end":{"line":65,"column":85}},"65":{"start":{"line":66,"column":0},"end":{"line":66,"column":0}},"66":{"start":{"line":67,"column":0},"end":{"line":67,"column":9}},"67":{"start":{"line":68,"column":0},"end":{"line":68,"column":80}},"68":{"start":{"line":69,"column":0},"end":{"line":69,"column":23}},"69":{"start":{"line":70,"column":0},"end":{"line":70,"column":38}},"70":{"start":{"line":71,"column":0},"end":{"line":71,"column":9}},"71":{"start":{"line":72,"column":0},"end":{"line":72,"column":25}},"72":{"start":{"line":73,"column":0},"end":{"line":73,"column":40}},"73":{"start":{"line":74,"column":0},"end":{"line":74,"column":9}},"74":{"start":{"line":75,"column":0},"end":{"line":75,"column":21}},"75":{"start":{"line":76,"column":0},"end":{"line":76,"column":9}},"76":{"start":{"line":77,"column":0},"end":{"line":77,"column":5}},"77":{"start":{"line":78,"column":0},"end":{"line":78,"column":3}},"78":{"start":{"line":79,"column":0},"end":{"line":79,"column":2}},"79":{"start":{"line":80,"column":0},"end":{"line":80,"column":0}},"80":{"start":{"line":81,"column":0},"end":{"line":81,"column":61}},"81":{"start":{"line":82,"column":0},"end":{"line":82,"column":27}},"82":{"start":{"line":83,"column":0},"end":{"line":83,"column":0}},"83":{"start":{"line":84,"column":0},"end":{"line":84,"column":39}},"84":{"start":{"line":85,"column":0},"end":{"line":85,"column":25}},"85":{"start":{"line":86,"column":0},"end":{"line":86,"column":2}},"86":{"start":{"line":87,"column":0},"end":{"line":87,"column":0}},"87":{"start":{"line":88,"column":0},"end":{"line":88,"column":46}},"88":{"start":{"line":89,"column":0},"end":{"line":89,"column":6}},"89":{"start":{"line":90,"column":0},"end":{"line":90,"column":8}},"90":{"start":{"line":91,"column":0},"end":{"line":91,"column":13}},"91":{"start":{"line":92,"column":0},"end":{"line":92,"column":14}},"92":{"start":{"line":93,"column":0},"end":{"line":93,"column":16}},"93":{"start":{"line":94,"column":0},"end":{"line":94,"column":13}},"94":{"start":{"line":95,"column":0},"end":{"line":95,"column":14}},"95":{"start":{"line":96,"column":0},"end":{"line":96,"column":41}},"96":{"start":{"line":97,"column":0},"end":{"line":97,"column":33}},"97":{"start":{"line":98,"column":0},"end":{"line":98,"column":19}},"98":{"start":{"line":99,"column":0},"end":{"line":99,"column":21}},"99":{"start":{"line":100,"column":0},"end":{"line":100,"column":9}},"100":{"start":{"line":101,"column":0},"end":{"line":101,"column":7}},"101":{"start":{"line":102,"column":0},"end":{"line":102,"column":50}},"102":{"start":{"line":103,"column":0},"end":{"line":103,"column":68}},"103":{"start":{"line":104,"column":0},"end":{"line":104,"column":57}},"104":{"start":{"line":105,"column":0},"end":{"line":105,"column":0}},"105":{"start":{"line":106,"column":0},"end":{"line":106,"column":70}},"106":{"start":{"line":107,"column":0},"end":{"line":107,"column":0}},"107":{"start":{"line":108,"column":0},"end":{"line":108,"column":55}},"108":{"start":{"line":109,"column":0},"end":{"line":109,"column":30}},"109":{"start":{"line":110,"column":0},"end":{"line":110,"column":37}},"110":{"start":{"line":111,"column":0},"end":{"line":111,"column":42}},"111":{"start":{"line":112,"column":0},"end":{"line":112,"column":26}},"112":{"start":{"line":113,"column":0},"end":{"line":113,"column":26}},"113":{"start":{"line":114,"column":0},"end":{"line":114,"column":51}},"114":{"start":{"line":115,"column":0},"end":{"line":115,"column":75}},"115":{"start":{"line":116,"column":0},"end":{"line":116,"column":11}},"116":{"start":{"line":117,"column":0},"end":{"line":117,"column":25}},"117":{"start":{"line":118,"column":0},"end":{"line":118,"column":10}},"118":{"start":{"line":119,"column":0},"end":{"line":119,"column":25}},"119":{"start":{"line":120,"column":0},"end":{"line":120,"column":59}},"120":{"start":{"line":121,"column":0},"end":{"line":121,"column":201}},"121":{"start":{"line":122,"column":0},"end":{"line":122,"column":10}},"122":{"start":{"line":123,"column":0},"end":{"line":123,"column":24}},"123":{"start":{"line":124,"column":0},"end":{"line":124,"column":36}},"124":{"start":{"line":125,"column":0},"end":{"line":125,"column":11}},"125":{"start":{"line":126,"column":0},"end":{"line":126,"column":5}},"126":{"start":{"line":127,"column":0},"end":{"line":127,"column":49}},"127":{"start":{"line":128,"column":0},"end":{"line":128,"column":33}},"128":{"start":{"line":129,"column":0},"end":{"line":129,"column":0}},"129":{"start":{"line":130,"column":0},"end":{"line":130,"column":19}},"130":{"start":{"line":131,"column":0},"end":{"line":131,"column":26}},"131":{"start":{"line":132,"column":0},"end":{"line":132,"column":0}},"132":{"start":{"line":133,"column":0},"end":{"line":133,"column":87}},"133":{"start":{"line":134,"column":0},"end":{"line":134,"column":34}},"134":{"start":{"line":135,"column":0},"end":{"line":135,"column":31}},"135":{"start":{"line":136,"column":0},"end":{"line":136,"column":26}},"136":{"start":{"line":137,"column":0},"end":{"line":137,"column":9}},"137":{"start":{"line":138,"column":0},"end":{"line":138,"column":13}},"138":{"start":{"line":139,"column":0},"end":{"line":139,"column":5}},"139":{"start":{"line":140,"column":0},"end":{"line":140,"column":0}},"140":{"start":{"line":141,"column":0},"end":{"line":141,"column":58}},"141":{"start":{"line":142,"column":0},"end":{"line":142,"column":38}},"142":{"start":{"line":143,"column":0},"end":{"line":143,"column":67}},"143":{"start":{"line":144,"column":0},"end":{"line":144,"column":85}},"144":{"start":{"line":145,"column":0},"end":{"line":145,"column":60}},"145":{"start":{"line":146,"column":0},"end":{"line":146,"column":69}},"146":{"start":{"line":147,"column":0},"end":{"line":147,"column":110}},"147":{"start":{"line":148,"column":0},"end":{"line":148,"column":0}},"148":{"start":{"line":149,"column":0},"end":{"line":149,"column":53}},"149":{"start":{"line":150,"column":0},"end":{"line":150,"column":51}},"150":{"start":{"line":151,"column":0},"end":{"line":151,"column":34}},"151":{"start":{"line":152,"column":0},"end":{"line":152,"column":22}},"152":{"start":{"line":153,"column":0},"end":{"line":153,"column":44}},"153":{"start":{"line":154,"column":0},"end":{"line":154,"column":41}},"154":{"start":{"line":155,"column":0},"end":{"line":155,"column":36}},"155":{"start":{"line":156,"column":0},"end":{"line":156,"column":19}},"156":{"start":{"line":157,"column":0},"end":{"line":157,"column":15}},"157":{"start":{"line":158,"column":0},"end":{"line":158,"column":20}},"158":{"start":{"line":159,"column":0},"end":{"line":159,"column":42}},"159":{"start":{"line":160,"column":0},"end":{"line":160,"column":39}},"160":{"start":{"line":161,"column":0},"end":{"line":161,"column":34}},"161":{"start":{"line":162,"column":0},"end":{"line":162,"column":17}},"162":{"start":{"line":163,"column":0},"end":{"line":163,"column":13}},"163":{"start":{"line":164,"column":0},"end":{"line":164,"column":0}},"164":{"start":{"line":165,"column":0},"end":{"line":165,"column":37}},"165":{"start":{"line":166,"column":0},"end":{"line":166,"column":53}},"166":{"start":{"line":167,"column":0},"end":{"line":167,"column":13}},"167":{"start":{"line":168,"column":0},"end":{"line":168,"column":13}},"168":{"start":{"line":169,"column":0},"end":{"line":169,"column":11}},"169":{"start":{"line":170,"column":0},"end":{"line":170,"column":7}},"170":{"start":{"line":171,"column":0},"end":{"line":171,"column":25}},"171":{"start":{"line":172,"column":0},"end":{"line":172,"column":0}},"172":{"start":{"line":173,"column":0},"end":{"line":173,"column":29}},"173":{"start":{"line":174,"column":0},"end":{"line":174,"column":43}},"174":{"start":{"line":175,"column":0},"end":{"line":175,"column":5}},"175":{"start":{"line":176,"column":0},"end":{"line":176,"column":0}},"176":{"start":{"line":177,"column":0},"end":{"line":177,"column":18}},"177":{"start":{"line":178,"column":0},"end":{"line":178,"column":28}},"178":{"start":{"line":179,"column":0},"end":{"line":179,"column":6}},"179":{"start":{"line":180,"column":0},"end":{"line":180,"column":58}},"180":{"start":{"line":181,"column":0},"end":{"line":181,"column":0}},"181":{"start":{"line":182,"column":0},"end":{"line":182,"column":19}},"182":{"start":{"line":183,"column":0},"end":{"line":183,"column":26}},"183":{"start":{"line":184,"column":0},"end":{"line":184,"column":42}},"184":{"start":{"line":185,"column":0},"end":{"line":185,"column":81}},"185":{"start":{"line":186,"column":0},"end":{"line":186,"column":51}},"186":{"start":{"line":187,"column":0},"end":{"line":187,"column":0}},"187":{"start":{"line":188,"column":0},"end":{"line":188,"column":33}},"188":{"start":{"line":189,"column":0},"end":{"line":189,"column":52}},"189":{"start":{"line":190,"column":0},"end":{"line":190,"column":64}},"190":{"start":{"line":191,"column":0},"end":{"line":191,"column":11}},"191":{"start":{"line":192,"column":0},"end":{"line":192,"column":0}},"192":{"start":{"line":193,"column":0},"end":{"line":193,"column":32}},"193":{"start":{"line":194,"column":0},"end":{"line":194,"column":81}},"194":{"start":{"line":195,"column":0},"end":{"line":195,"column":98}},"195":{"start":{"line":196,"column":0},"end":{"line":196,"column":0}},"196":{"start":{"line":197,"column":0},"end":{"line":197,"column":42}},"197":{"start":{"line":198,"column":0},"end":{"line":198,"column":55}},"198":{"start":{"line":199,"column":0},"end":{"line":199,"column":55}},"199":{"start":{"line":200,"column":0},"end":{"line":200,"column":104}},"200":{"start":{"line":201,"column":0},"end":{"line":201,"column":29}},"201":{"start":{"line":202,"column":0},"end":{"line":202,"column":19}},"202":{"start":{"line":203,"column":0},"end":{"line":203,"column":19}},"203":{"start":{"line":204,"column":0},"end":{"line":204,"column":48}},"204":{"start":{"line":205,"column":0},"end":{"line":205,"column":0}},"205":{"start":{"line":206,"column":0},"end":{"line":206,"column":74}},"206":{"start":{"line":207,"column":0},"end":{"line":207,"column":17}},"207":{"start":{"line":208,"column":0},"end":{"line":208,"column":13}},"208":{"start":{"line":209,"column":0},"end":{"line":209,"column":11}},"209":{"start":{"line":210,"column":0},"end":{"line":210,"column":11}},"210":{"start":{"line":211,"column":0},"end":{"line":211,"column":0}},"211":{"start":{"line":212,"column":0},"end":{"line":212,"column":30}},"212":{"start":{"line":213,"column":0},"end":{"line":213,"column":7}},"213":{"start":{"line":214,"column":0},"end":{"line":214,"column":5}},"214":{"start":{"line":215,"column":0},"end":{"line":215,"column":9}},"215":{"start":{"line":216,"column":0},"end":{"line":216,"column":0}},"216":{"start":{"line":217,"column":0},"end":{"line":217,"column":10}},"217":{"start":{"line":218,"column":0},"end":{"line":218,"column":23}},"218":{"start":{"line":219,"column":0},"end":{"line":219,"column":22}},"219":{"start":{"line":220,"column":0},"end":{"line":220,"column":15}},"220":{"start":{"line":221,"column":0},"end":{"line":221,"column":5}},"221":{"start":{"line":222,"column":0},"end":{"line":222,"column":33}},"222":{"start":{"line":223,"column":0},"end":{"line":223,"column":18}},"223":{"start":{"line":224,"column":0},"end":{"line":224,"column":23}},"224":{"start":{"line":225,"column":0},"end":{"line":225,"column":25}},"225":{"start":{"line":226,"column":0},"end":{"line":226,"column":33}},"226":{"start":{"line":227,"column":0},"end":{"line":227,"column":29}},"227":{"start":{"line":228,"column":0},"end":{"line":228,"column":33}},"228":{"start":{"line":229,"column":0},"end":{"line":229,"column":23}},"229":{"start":{"line":230,"column":0},"end":{"line":230,"column":35}},"230":{"start":{"line":231,"column":0},"end":{"line":231,"column":39}},"231":{"start":{"line":232,"column":0},"end":{"line":232,"column":78}},"232":{"start":{"line":233,"column":0},"end":{"line":233,"column":10}},"233":{"start":{"line":234,"column":0},"end":{"line":234,"column":11}},"234":{"start":{"line":235,"column":0},"end":{"line":235,"column":13}},"235":{"start":{"line":236,"column":0},"end":{"line":236,"column":18}},"236":{"start":{"line":237,"column":0},"end":{"line":237,"column":68}},"237":{"start":{"line":238,"column":0},"end":{"line":238,"column":72}},"238":{"start":{"line":239,"column":0},"end":{"line":239,"column":36}},"239":{"start":{"line":240,"column":0},"end":{"line":240,"column":12}},"240":{"start":{"line":241,"column":0},"end":{"line":241,"column":10}},"241":{"start":{"line":242,"column":0},"end":{"line":242,"column":8}},"242":{"start":{"line":243,"column":0},"end":{"line":243,"column":25}},"243":{"start":{"line":244,"column":0},"end":{"line":244,"column":4}},"244":{"start":{"line":245,"column":0},"end":{"line":245,"column":2}},"245":{"start":{"line":246,"column":0},"end":{"line":246,"column":0}},"246":{"start":{"line":247,"column":0},"end":{"line":247,"column":25}}},"s":{"0":1,"1":1,"2":1,"3":1,"4":1,"5":1,"6":1,"7":1,"8":1,"9":1,"10":1,"11":1,"12":1,"13":1,"14":1,"15":1,"16":1,"17":1,"18":1,"19":1,"20":1,"21":1,"22":1,"23":1,"24":1,"25":1,"26":1,"27":1,"28":1,"29":1,"30":1,"31":1,"32":1,"33":1,"34":1,"35":1,"36":1,"37":1,"38":1,"39":1,"40":1,"41":1,"42":1,"43":1,"44":1,"45":1,"46":1,"47":1,"48":1,"49":1,"50":1,"51":14,"52":12,"53":12,"54":12,"55":12,"56":12,"57":12,"58":12,"59":12,"60":12,"61":1,"62":1,"63":1,"64":1,"65":1,"66":1,"67":1,"68":14,"69":2,"70":2,"71":14,"72":2,"73":2,"74":10,"75":10,"76":1,"77":1,"78":1,"79":1,"80":1,"81":1,"82":1,"83":1,"84":2,"85":2,"86":1,"87":1,"88":30,"89":30,"90":30,"91":30,"92":30,"93":30,"94":30,"95":30,"96":30,"97":30,"98":30,"99":30,"100":30,"101":30,"102":30,"103":30,"104":30,"105":30,"106":30,"107":30,"108":12,"109":12,"110":12,"111":12,"112":11,"113":11,"114":11,"115":11,"116":11,"117":12,"118":12,"119":1,"120":1,"121":12,"122":12,"123":12,"124":12,"125":12,"126":12,"127":30,"128":30,"129":30,"130":16,"131":15,"132":16,"133":1,"134":1,"135":1,"136":1,"137":1,"138":1,"139":14,"140":14,"141":14,"142":14,"143":14,"144":14,"145":4,"146":4,"147":4,"148":4,"149":3,"150":3,"151":4,"152":1,"153":1,"154":1,"155":1,"156":1,"157":14,"158":10,"159":10,"160":10,"161":10,"162":10,"163":14,"164":14,"165":14,"166":14,"167":14,"168":14,"169":14,"170":14,"171":14,"172":14,"173":14,"174":14,"175":14,"176":14,"177":14,"178":14,"179":30,"180":30,"181":30,"182":16,"183":3,"184":3,"185":3,"186":3,"187":3,"188":2,"189":2,"190":2,"191":3,"192":3,"193":3,"194":3,"195":3,"196":3,"197":1,"198":1,"199":3,"200":3,"201":3,"202":1,"203":1,"204":1,"205":1,"206":1,"207":1,"208":3,"209":3,"210":3,"211":3,"212":3,"213":3,"214":30,"215":30,"216":30,"217":30,"218":30,"219":30,"220":30,"221":30,"222":14,"223":14,"224":14,"225":14,"226":14,"227":14,"228":14,"229":14,"230":14,"231":14,"232":14,"233":30,"234":16,"235":16,"236":16,"237":16,"238":16,"239":16,"240":16,"241":30,"242":30,"243":30,"244":30,"245":1,"246":1},"branchMap":{"0":{"type":"branch","line":47,"loc":{"start":{"line":47,"column":11},"end":{"line":47,"column":76}},"locations":[{"start":{"line":47,"column":11},"end":{"line":47,"column":76}}]},"1":{"type":"branch","line":47,"loc":{"start":{"line":47,"column":53},"end":{"line":47,"column":67}},"locations":[{"start":{"line":47,"column":53},"end":{"line":47,"column":67}}]},"2":{"type":"branch","line":47,"loc":{"start":{"line":47,"column":68},"end":{"line":47,"column":75}},"locations":[{"start":{"line":47,"column":68},"end":{"line":47,"column":75}}]},"3":{"type":"branch","line":48,"loc":{"start":{"line":48,"column":12},"end":{"line":48,"column":81}},"locations":[{"start":{"line":48,"column":12},"end":{"line":48,"column":81}}]},"4":{"type":"branch","line":48,"loc":{"start":{"line":48,"column":56},"end":{"line":48,"column":71}},"locations":[{"start":{"line":48,"column":56},"end":{"line":48,"column":71}}]},"5":{"type":"branch","line":48,"loc":{"start":{"line":48,"column":72},"end":{"line":48,"column":80}},"locations":[{"start":{"line":48,"column":72},"end":{"line":48,"column":80}}]},"6":{"type":"branch","line":49,"loc":{"start":{"line":49,"column":12},"end":{"line":49,"column":95}},"locations":[{"start":{"line":49,"column":12},"end":{"line":49,"column":95}}]},"7":{"type":"branch","line":49,"loc":{"start":{"line":49,"column":55},"end":{"line":49,"column":70}},"locations":[{"start":{"line":49,"column":55},"end":{"line":49,"column":70}}]},"8":{"type":"branch","line":49,"loc":{"start":{"line":49,"column":71},"end":{"line":49,"column":82}},"locations":[{"start":{"line":49,"column":71},"end":{"line":49,"column":82}}]},"9":{"type":"branch","line":49,"loc":{"start":{"line":49,"column":83},"end":{"line":49,"column":94}},"locations":[{"start":{"line":49,"column":83},"end":{"line":49,"column":94}}]},"10":{"type":"branch","line":51,"loc":{"start":{"line":51,"column":4},"end":{"line":61,"column":6}},"locations":[{"start":{"line":51,"column":4},"end":{"line":61,"column":6}}]},"11":{"type":"branch","line":52,"loc":{"start":{"line":52,"column":15},"end":{"line":52,"column":30}},"locations":[{"start":{"line":52,"column":15},"end":{"line":52,"column":30}}]},"12":{"type":"branch","line":52,"loc":{"start":{"line":52,"column":31},"end":{"line":61,"column":6}},"locations":[{"start":{"line":52,"column":31},"end":{"line":61,"column":6}}]},"13":{"type":"branch","line":64,"loc":{"start":{"line":64,"column":13},"end":{"line":64,"column":78}},"locations":[{"start":{"line":64,"column":13},"end":{"line":64,"column":78}}]},"14":{"type":"branch","line":64,"loc":{"start":{"line":64,"column":55},"end":{"line":64,"column":69}},"locations":[{"start":{"line":64,"column":55},"end":{"line":64,"column":69}}]},"15":{"type":"branch","line":64,"loc":{"start":{"line":64,"column":70},"end":{"line":64,"column":77}},"locations":[{"start":{"line":64,"column":70},"end":{"line":64,"column":77}}]},"16":{"type":"branch","line":65,"loc":{"start":{"line":65,"column":14},"end":{"line":65,"column":83}},"locations":[{"start":{"line":65,"column":14},"end":{"line":65,"column":83}}]},"17":{"type":"branch","line":65,"loc":{"start":{"line":65,"column":58},"end":{"line":65,"column":73}},"locations":[{"start":{"line":65,"column":58},"end":{"line":65,"column":73}}]},"18":{"type":"branch","line":65,"loc":{"start":{"line":65,"column":74},"end":{"line":65,"column":82}},"locations":[{"start":{"line":65,"column":74},"end":{"line":65,"column":82}}]},"19":{"type":"branch","line":68,"loc":{"start":{"line":68,"column":14},"end":{"line":76,"column":9}},"locations":[{"start":{"line":68,"column":14},"end":{"line":76,"column":9}}]},"20":{"type":"branch","line":69,"loc":{"start":{"line":69,"column":22},"end":{"line":71,"column":9}},"locations":[{"start":{"line":69,"column":22},"end":{"line":71,"column":9}}]},"21":{"type":"branch","line":70,"loc":{"start":{"line":70,"column":28},"end":{"line":70,"column":37}},"locations":[{"start":{"line":70,"column":28},"end":{"line":70,"column":37}}]},"22":{"type":"branch","line":72,"loc":{"start":{"line":72,"column":-1},"end":{"line":72,"column":24}},"locations":[{"start":{"line":72,"column":-1},"end":{"line":72,"column":24}}]},"23":{"type":"branch","line":72,"loc":{"start":{"line":72,"column":24},"end":{"line":74,"column":9}},"locations":[{"start":{"line":72,"column":24},"end":{"line":74,"column":9}}]},"24":{"type":"branch","line":73,"loc":{"start":{"line":73,"column":30},"end":{"line":73,"column":39}},"locations":[{"start":{"line":73,"column":30},"end":{"line":73,"column":39}}]},"25":{"type":"branch","line":75,"loc":{"start":{"line":75,"column":-1},"end":{"line":76,"column":9}},"locations":[{"start":{"line":75,"column":-1},"end":{"line":76,"column":9}}]},"26":{"type":"branch","line":84,"loc":{"start":{"line":84,"column":32},"end":{"line":86,"column":2}},"locations":[{"start":{"line":84,"column":32},"end":{"line":86,"column":2}}]},"27":{"type":"branch","line":88,"loc":{"start":{"line":88,"column":44},"end":{"line":245,"column":2}},"locations":[{"start":{"line":88,"column":44},"end":{"line":245,"column":2}}]},"28":{"type":"branch","line":222,"loc":{"start":{"line":222,"column":15},"end":{"line":222,"column":29}},"locations":[{"start":{"line":222,"column":15},"end":{"line":222,"column":29}}]},"29":{"type":"branch","line":222,"loc":{"start":{"line":222,"column":30},"end":{"line":233,"column":10}},"locations":[{"start":{"line":222,"column":30},"end":{"line":233,"column":10}}]},"30":{"type":"branch","line":234,"loc":{"start":{"line":234,"column":8},"end":{"line":241,"column":10}},"locations":[{"start":{"line":234,"column":8},"end":{"line":241,"column":10}}]},"31":{"type":"branch","line":237,"loc":{"start":{"line":237,"column":45},"end":{"line":237,"column":59}},"locations":[{"start":{"line":237,"column":45},"end":{"line":237,"column":59}}]},"32":{"type":"branch","line":237,"loc":{"start":{"line":237,"column":60},"end":{"line":237,"column":67}},"locations":[{"start":{"line":237,"column":60},"end":{"line":237,"column":67}}]},"33":{"type":"branch","line":238,"loc":{"start":{"line":238,"column":47},"end":{"line":238,"column":62}},"locations":[{"start":{"line":238,"column":47},"end":{"line":238,"column":62}}]},"34":{"type":"branch","line":238,"loc":{"start":{"line":238,"column":63},"end":{"line":238,"column":71}},"locations":[{"start":{"line":238,"column":63},"end":{"line":238,"column":71}}]},"35":{"type":"branch","line":106,"loc":{"start":{"line":106,"column":27},"end":{"line":106,"column":61}},"locations":[{"start":{"line":106,"column":27},"end":{"line":106,"column":61}}]},"36":{"type":"branch","line":106,"loc":{"start":{"line":106,"column":53},"end":{"line":106,"column":61}},"locations":[{"start":{"line":106,"column":53},"end":{"line":106,"column":61}}]},"37":{"type":"branch","line":108,"loc":{"start":{"line":108,"column":31},"end":{"line":128,"column":3}},"locations":[{"start":{"line":108,"column":31},"end":{"line":128,"column":3}}]},"38":{"type":"branch","line":111,"loc":{"start":{"line":111,"column":14},"end":{"line":111,"column":41}},"locations":[{"start":{"line":111,"column":14},"end":{"line":111,"column":41}}]},"39":{"type":"branch","line":112,"loc":{"start":{"line":112,"column":14},"end":{"line":118,"column":9}},"locations":[{"start":{"line":112,"column":14},"end":{"line":118,"column":9}}]},"40":{"type":"branch","line":119,"loc":{"start":{"line":119,"column":15},"end":{"line":122,"column":9}},"locations":[{"start":{"line":119,"column":15},"end":{"line":122,"column":9}}]},"41":{"type":"branch","line":123,"loc":{"start":{"line":123,"column":17},"end":{"line":125,"column":9}},"locations":[{"start":{"line":123,"column":17},"end":{"line":125,"column":9}}]},"42":{"type":"branch","line":130,"loc":{"start":{"line":130,"column":12},"end":{"line":180,"column":3}},"locations":[{"start":{"line":130,"column":12},"end":{"line":180,"column":3}}]},"43":{"type":"branch","line":131,"loc":{"start":{"line":131,"column":19},"end":{"line":131,"column":26}},"locations":[{"start":{"line":131,"column":19},"end":{"line":131,"column":26}}]},"44":{"type":"branch","line":132,"loc":{"start":{"line":132,"column":-1},"end":{"line":133,"column":84}},"locations":[{"start":{"line":132,"column":-1},"end":{"line":133,"column":84}}]},"45":{"type":"branch","line":133,"loc":{"start":{"line":133,"column":86},"end":{"line":139,"column":5}},"locations":[{"start":{"line":133,"column":86},"end":{"line":139,"column":5}}]},"46":{"type":"branch","line":140,"loc":{"start":{"line":140,"column":-1},"end":{"line":180,"column":3}},"locations":[{"start":{"line":140,"column":-1},"end":{"line":180,"column":3}}]},"47":{"type":"branch","line":134,"loc":{"start":{"line":134,"column":22},"end":{"line":137,"column":7}},"locations":[{"start":{"line":134,"column":22},"end":{"line":137,"column":7}}]},"48":{"type":"branch","line":141,"loc":{"start":{"line":141,"column":46},"end":{"line":171,"column":5}},"locations":[{"start":{"line":141,"column":46},"end":{"line":171,"column":5}}]},"49":{"type":"branch","line":143,"loc":{"start":{"line":143,"column":43},"end":{"line":169,"column":9}},"locations":[{"start":{"line":143,"column":43},"end":{"line":169,"column":9}}]},"50":{"type":"branch","line":144,"loc":{"start":{"line":144,"column":55},"end":{"line":168,"column":11}},"locations":[{"start":{"line":144,"column":55},"end":{"line":168,"column":11}}]},"51":{"type":"branch","line":145,"loc":{"start":{"line":145,"column":25},"end":{"line":145,"column":44}},"locations":[{"start":{"line":145,"column":25},"end":{"line":145,"column":44}}]},"52":{"type":"branch","line":145,"loc":{"start":{"line":145,"column":44},"end":{"line":145,"column":57}},"locations":[{"start":{"line":145,"column":44},"end":{"line":145,"column":57}}]},"53":{"type":"branch","line":145,"loc":{"start":{"line":145,"column":59},"end":{"line":158,"column":19}},"locations":[{"start":{"line":145,"column":59},"end":{"line":158,"column":19}}]},"54":{"type":"branch","line":149,"loc":{"start":{"line":149,"column":52},"end":{"line":152,"column":21}},"locations":[{"start":{"line":149,"column":52},"end":{"line":152,"column":21}}]},"55":{"type":"branch","line":152,"loc":{"start":{"line":152,"column":15},"end":{"line":157,"column":15}},"locations":[{"start":{"line":152,"column":15},"end":{"line":157,"column":15}}]},"56":{"type":"branch","line":158,"loc":{"start":{"line":158,"column":13},"end":{"line":163,"column":13}},"locations":[{"start":{"line":158,"column":13},"end":{"line":163,"column":13}}]},"57":{"type":"branch","line":153,"loc":{"start":{"line":153,"column":32},"end":{"line":156,"column":17}},"locations":[{"start":{"line":153,"column":32},"end":{"line":156,"column":17}}]},"58":{"type":"branch","line":159,"loc":{"start":{"line":159,"column":30},"end":{"line":162,"column":15}},"locations":[{"start":{"line":159,"column":30},"end":{"line":162,"column":15}}]},"59":{"type":"branch","line":177,"loc":{"start":{"line":177,"column":11},"end":{"line":179,"column":5}},"locations":[{"start":{"line":177,"column":11},"end":{"line":179,"column":5}}]},"60":{"type":"branch","line":182,"loc":{"start":{"line":182,"column":12},"end":{"line":215,"column":3}},"locations":[{"start":{"line":182,"column":12},"end":{"line":215,"column":3}}]},"61":{"type":"branch","line":183,"loc":{"start":{"line":183,"column":25},"end":{"line":214,"column":5}},"locations":[{"start":{"line":183,"column":25},"end":{"line":214,"column":5}}]},"62":{"type":"branch","line":185,"loc":{"start":{"line":185,"column":48},"end":{"line":210,"column":9}},"locations":[{"start":{"line":185,"column":48},"end":{"line":210,"column":9}}]},"63":{"type":"branch","line":188,"loc":{"start":{"line":188,"column":32},"end":{"line":191,"column":11}},"locations":[{"start":{"line":188,"column":32},"end":{"line":191,"column":11}}]},"64":{"type":"branch","line":197,"loc":{"start":{"line":197,"column":41},"end":{"line":208,"column":13}},"locations":[{"start":{"line":197,"column":41},"end":{"line":208,"column":13}}]},"65":{"type":"branch","line":198,"loc":{"start":{"line":198,"column":26},"end":{"line":207,"column":15}},"locations":[{"start":{"line":198,"column":26},"end":{"line":207,"column":15}}]},"66":{"type":"branch","line":199,"loc":{"start":{"line":199,"column":32},"end":{"line":203,"column":17}},"locations":[{"start":{"line":199,"column":32},"end":{"line":203,"column":17}}]},"67":{"type":"branch","line":200,"loc":{"start":{"line":200,"column":76},"end":{"line":200,"column":100}},"locations":[{"start":{"line":200,"column":76},"end":{"line":200,"column":100}}]}},"b":{"0":[14],"1":[13],"2":[1],"3":[14],"4":[13],"5":[1],"6":[14],"7":[1],"8":[1],"9":[13],"10":[14],"11":[13],"12":[12],"13":[14],"14":[13],"15":[1],"16":[14],"17":[13],"18":[1],"19":[14],"20":[2],"21":[1],"22":[12],"23":[2],"24":[1],"25":[10],"26":[2],"27":[30],"28":[14],"29":[14],"30":[16],"31":[15],"32":[1],"33":[15],"34":[1],"35":[16],"36":[1],"37":[12],"38":[11],"39":[11],"40":[1],"41":[12],"42":[16],"43":[1],"44":[15],"45":[1],"46":[14],"47":[1],"48":[14],"49":[14],"50":[14],"51":[4],"52":[4],"53":[4],"54":[3],"55":[1],"56":[10],"57":[1],"58":[10],"59":[14],"60":[16],"61":[3],"62":[3],"63":[2],"64":[1],"65":[1],"66":[3],"67":[1]},"fnMap":{"0":{"name":"Object.<anonymous>.styled_1.default.i.height.height","decl":{"start":{"line":47,"column":11},"end":{"line":47,"column":76}},"loc":{"start":{"line":47,"column":11},"end":{"line":47,"column":76}},"line":47},"1":{"name":"Object.<anonymous>.styled_1.default.i.hoverColor.hoverColor","decl":{"start":{"line":48,"column":12},"end":{"line":48,"column":81}},"loc":{"start":{"line":48,"column":12},"end":{"line":48,"column":81}},"line":48},"2":{"name":"Object.<anonymous>.styled_1.default.i.hoverColor.hoverColor","decl":{"start":{"line":49,"column":12},"end":{"line":49,"column":95}},"loc":{"start":{"line":49,"column":12},"end":{"line":49,"column":95}},"line":49},"3":{"name":"Object.<anonymous>.styled_1.default.i.width.width","decl":{"start":{"line":51,"column":4},"end":{"line":61,"column":6}},"loc":{"start":{"line":51,"column":4},"end":{"line":61,"column":6}},"line":51},"4":{"name":"Object.<anonymous>.styled_1.default.i.height.height","decl":{"start":{"line":64,"column":13},"end":{"line":64,"column":78}},"loc":{"start":{"line":64,"column":13},"end":{"line":64,"column":78}},"line":64},"5":{"name":"Object.<anonymous>.styled_1.default.i.isActive.isActive","decl":{"start":{"line":65,"column":14},"end":{"line":65,"column":83}},"loc":{"start":{"line":65,"column":14},"end":{"line":65,"column":83}},"line":65},"6":{"name":"resetGlobalCache","decl":{"start":{"line":84,"column":32},"end":{"line":86,"column":2}},"loc":{"start":{"line":84,"column":32},"end":{"line":86,"column":2}},"line":84},"7":{"name":"RemoteSVG","decl":{"start":{"line":88,"column":44},"end":{"line":245,"column":2}},"loc":{"start":{"line":88,"column":44},"end":{"line":245,"column":2}},"line":88}},"f":{"0":14,"1":14,"2":14,"3":14,"4":14,"5":14,"6":2,"7":30}}
}
