TN:
SF:src/RemoteSVG/RemoteSVG.tsx
FN:47,Object.<anonymous>.styled_1.default.i.height.height
FN:48,Object.<anonymous>.styled_1.default.i.hoverColor.hoverColor
FN:49,Object.<anonymous>.styled_1.default.i.hoverColor.hoverColor
FN:51,Object.<anonymous>.styled_1.default.i.width.width
FN:64,Object.<anonymous>.styled_1.default.i.height.height
FN:65,Object.<anonymous>.styled_1.default.i.isActive.isActive
FN:84,resetGlobalCache
FN:88,RemoteSVG
FNF:8
FNH:8
FNDA:14,Object.<anonymous>.styled_1.default.i.height.height
FNDA:14,Object.<anonymous>.styled_1.default.i.hoverColor.hoverColor
FNDA:14,Object.<anonymous>.styled_1.default.i.hoverColor.hoverColor
FNDA:14,Object.<anonymous>.styled_1.default.i.width.width
FNDA:14,Object.<anonymous>.styled_1.default.i.height.height
FNDA:14,Object.<anonymous>.styled_1.default.i.isActive.isActive
FNDA:2,resetGlobalCache
FNDA:30,RemoteSVG
DA:1,1
DA:2,1
DA:3,1
DA:4,1
DA:5,1
DA:6,1
DA:7,1
DA:8,1
DA:9,1
DA:10,1
DA:11,1
DA:12,1
DA:13,1
DA:14,1
DA:15,1
DA:16,1
DA:17,1
DA:18,1
DA:19,1
DA:20,1
DA:21,1
DA:22,1
DA:23,1
DA:24,1
DA:25,1
DA:26,1
DA:27,1
DA:28,1
DA:29,1
DA:30,1
DA:31,1
DA:32,1
DA:33,1
DA:34,1
DA:35,1
DA:36,1
DA:37,1
DA:38,1
DA:39,1
DA:40,1
DA:41,1
DA:42,1
DA:43,1
DA:44,1
DA:45,1
DA:46,1
DA:47,1
DA:48,1
DA:49,1
DA:50,1
DA:51,1
DA:52,14
DA:53,12
DA:54,12
DA:55,12
DA:56,12
DA:57,12
DA:58,12
DA:59,12
DA:60,12
DA:61,12
DA:62,1
DA:63,1
DA:64,1
DA:65,1
DA:66,1
DA:67,1
DA:68,1
DA:69,14
DA:70,2
DA:71,2
DA:72,14
DA:73,2
DA:74,2
DA:75,10
DA:76,10
DA:77,1
DA:78,1
DA:79,1
DA:80,1
DA:81,1
DA:82,1
DA:83,1
DA:84,1
DA:85,2
DA:86,2
DA:87,1
DA:88,1
DA:89,30
DA:90,30
DA:91,30
DA:92,30
DA:93,30
DA:94,30
DA:95,30
DA:96,30
DA:97,30
DA:98,30
DA:99,30
DA:100,30
DA:101,30
DA:102,30
DA:103,30
DA:104,30
DA:105,30
DA:106,30
DA:107,30
DA:108,30
DA:109,12
DA:110,12
DA:111,12
DA:112,12
DA:113,11
DA:114,11
DA:115,11
DA:116,11
DA:117,11
DA:118,12
DA:119,12
DA:120,1
DA:121,1
DA:122,12
DA:123,12
DA:124,12
DA:125,12
DA:126,12
DA:127,12
DA:128,30
DA:129,30
DA:130,30
DA:131,16
DA:132,15
DA:133,16
DA:134,1
DA:135,1
DA:136,1
DA:137,1
DA:138,1
DA:139,1
DA:140,14
DA:141,14
DA:142,14
DA:143,14
DA:144,14
DA:145,14
DA:146,4
DA:147,4
DA:148,4
DA:149,4
DA:150,3
DA:151,3
DA:152,4
DA:153,1
DA:154,1
DA:155,1
DA:156,1
DA:157,1
DA:158,14
DA:159,10
DA:160,10
DA:161,10
DA:162,10
DA:163,10
DA:164,14
DA:165,14
DA:166,14
DA:167,14
DA:168,14
DA:169,14
DA:170,14
DA:171,14
DA:172,14
DA:173,14
DA:174,14
DA:175,14
DA:176,14
DA:177,14
DA:178,14
DA:179,14
DA:180,30
DA:181,30
DA:182,30
DA:183,16
DA:184,3
DA:185,3
DA:186,3
DA:187,3
DA:188,3
DA:189,2
DA:190,2
DA:191,2
DA:192,3
DA:193,3
DA:194,3
DA:195,3
DA:196,3
DA:197,3
DA:198,1
DA:199,1
DA:200,3
DA:201,3
DA:202,3
DA:203,1
DA:204,1
DA:205,1
DA:206,1
DA:207,1
DA:208,1
DA:209,3
DA:210,3
DA:211,3
DA:212,3
DA:213,3
DA:214,3
DA:215,30
DA:216,30
DA:217,30
DA:218,30
DA:219,30
DA:220,30
DA:221,30
DA:222,30
DA:223,14
DA:224,14
DA:225,14
DA:226,14
DA:227,14
DA:228,14
DA:229,14
DA:230,14
DA:231,14
DA:232,14
DA:233,14
DA:234,30
DA:235,16
DA:236,16
DA:237,16
DA:238,16
DA:239,16
DA:240,16
DA:241,16
DA:242,30
DA:243,30
DA:244,30
DA:245,30
DA:246,1
DA:247,1
LF:247
LH:247
BRDA:47,0,0,14
BRDA:47,1,0,13
BRDA:47,2,0,1
BRDA:48,3,0,14
BRDA:48,4,0,13
BRDA:48,5,0,1
BRDA:49,6,0,14
BRDA:49,7,0,1
BRDA:49,8,0,1
BRDA:49,9,0,13
BRDA:51,10,0,14
BRDA:52,11,0,13
BRDA:52,12,0,12
BRDA:64,13,0,14
BRDA:64,14,0,13
BRDA:64,15,0,1
BRDA:65,16,0,14
BRDA:65,17,0,13
BRDA:65,18,0,1
BRDA:68,19,0,14
BRDA:69,20,0,2
BRDA:70,21,0,1
BRDA:72,22,0,12
BRDA:72,23,0,2
BRDA:73,24,0,1
BRDA:75,25,0,10
BRDA:84,26,0,2
BRDA:88,27,0,30
BRDA:222,28,0,14
BRDA:222,29,0,14
BRDA:234,30,0,16
BRDA:237,31,0,15
BRDA:237,32,0,1
BRDA:238,33,0,15
BRDA:238,34,0,1
BRDA:106,35,0,16
BRDA:106,36,0,1
BRDA:108,37,0,12
BRDA:111,38,0,11
BRDA:112,39,0,11
BRDA:119,40,0,1
BRDA:123,41,0,12
BRDA:130,42,0,16
BRDA:131,43,0,1
BRDA:132,44,0,15
BRDA:133,45,0,1
BRDA:140,46,0,14
BRDA:134,47,0,1
BRDA:141,48,0,14
BRDA:143,49,0,14
BRDA:144,50,0,14
BRDA:145,51,0,4
BRDA:145,52,0,4
BRDA:145,53,0,4
BRDA:149,54,0,3
BRDA:152,55,0,1
BRDA:158,56,0,10
BRDA:153,57,0,1
BRDA:159,58,0,10
BRDA:177,59,0,14
BRDA:182,60,0,16
BRDA:183,61,0,3
BRDA:185,62,0,3
BRDA:188,63,0,2
BRDA:197,64,0,1
BRDA:198,65,0,1
BRDA:199,66,0,3
BRDA:200,67,0,1
BRF:68
BRH:68
end_of_record
